[16:54:06] [main/INFO]: Environment: authHost='https://authserver.mojang.com', accountsHost='https://api.mojang.com', sessionHost='https://sessionserver.mojang.com', servicesHost='https://api.minecraftservices.com', name='PROD'
[16:54:07] [main/WARN]: Ambiguity between arguments [teleport, location] and [teleport, destination] with inputs: [0.1 -0.5 .9, 0 0 0]
[16:54:07] [main/WARN]: Ambiguity between arguments [teleport, location] and [teleport, targets] with inputs: [0.1 -0.5 .9, 0 0 0]
[16:54:07] [main/WARN]: Ambiguity between arguments [teleport, destination] and [teleport, targets] with inputs: [Player, 0123, @e, dd12be42-52a9-4a91-a8a1-11c01849e498]
[16:54:07] [main/WARN]: Ambiguity between arguments [teleport, targets] and [teleport, destination] with inputs: [Player, 0123, dd12be42-52a9-4a91-a8a1-11c01849e498]
[16:54:07] [main/WARN]: Ambiguity between arguments [teleport, targets, location] and [teleport, targets, destination] with inputs: [0.1 -0.5 .9, 0 0 0]
[16:54:07] [main/INFO]: Reloading ResourceManager: Default
[16:54:08] [Worker-Main-10/INFO]: Loaded 7 recipes
[16:54:08] [Worker-Main-10/INFO]: Loaded 1137 advancements
[16:54:10] [Server thread/INFO]: Starting minecraft server version 1.17.1
[16:54:10] [Server thread/INFO]: Loading properties
[16:54:10] [Server thread/INFO]: Default game type: SURVIVAL
[16:54:10] [Server thread/INFO]: Generating keypair
[16:54:10] [Server thread/INFO]: Starting Minecraft server on *:25565
[16:54:10] [Server thread/INFO]: Using epoll channel type
[16:54:10] [Server thread/INFO]: Preparing level "world"
[16:54:10] [Server thread/INFO]: Preparing start region for dimension minecraft:overworld
[16:54:11] [Worker-Main-9/INFO]: Preparing spawn area: 0%
[16:54:16] [User Authenticator #1/INFO]: UUID of player Thunderweld is f09ecc26-9ad4-4233-ae4a-079c7869bb96
[16:54:17] [Worker-Main-12/INFO]: Preparing spawn area: 0%
[16:54:17] [Worker-Main-13/INFO]: Preparing spawn area: 0%
[16:54:17] [Worker-Main-12/INFO]: Preparing spawn area: 0%
[16:54:17] [Worker-Main-13/INFO]: Preparing spawn area: 0%
[16:54:17] [Worker-Main-13/INFO]: Preparing spawn area: 0%
[16:54:17] [Worker-Main-13/INFO]: Preparing spawn area: 0%
[16:54:17] [Worker-Main-13/INFO]: Preparing spawn area: 0%
[16:54:17] [Worker-Main-12/INFO]: Preparing spawn area: 0%
[16:54:17] [Worker-Main-13/INFO]: Preparing spawn area: 0%
[16:54:17] [Worker-Main-13/INFO]: Preparing spawn area: 0%
[16:54:17] [Worker-Main-13/INFO]: Preparing spawn area: 0%
[16:54:17] [Worker-Main-13/INFO]: Preparing spawn area: 0%
[16:54:17] [Worker-Main-13/INFO]: Preparing spawn area: 0%
[16:54:17] [Worker-Main-13/INFO]: Preparing spawn area: 0%
[16:54:18] [Worker-Main-14/INFO]: Preparing spawn area: 15%
[16:54:19] [Worker-Main-12/INFO]: Preparing spawn area: 42%
[16:54:19] [Worker-Main-10/INFO]: Preparing spawn area: 42%
[16:54:19] [Worker-Main-9/INFO]: Preparing spawn area: 71%
[16:54:20] [Worker-Main-13/INFO]: Preparing spawn area: 85%
[16:54:20] [Server thread/INFO]: Time elapsed: 10001 ms
[16:54:20] [Server thread/INFO]: Done (10.158s)! For help, type "help"
[16:54:21] [Server thread/INFO]: Thunderweld[/192.168.0.1:39180] logged in with entity id 198 at (75.4428726178278, 250.15050070692752, -43.223264683860506)
[16:54:21] [Server thread/INFO]: Thunderweld joined the game
[16:54:37] [Server thread/INFO]: [Thunderweld: Set own game mode to Survival Mode]
[16:54:41] [Server thread/INFO]: Thunderweld was squished too much
[16:55:01] [Server thread/INFO]: [Thunderweld: Set own game mode to Creative Mode]
[16:55:03] [User Authenticator #2/INFO]: UUID of player xXhaxvoltzXx is d029d6bc-9321-416b-b7d6-2efae7a7f975
[16:55:03] [Server thread/INFO]: xXhaxvoltzXx[/216.241.158.190:58198] logged in with entity id 884 at (771.0163613285296, 79.0, -347.36349784448555)
[16:55:03] [Server thread/INFO]: xXhaxvoltzXx joined the game
[16:55:23] [Server thread/INFO]: xXhaxvoltzXx lost connection: Timed out
[16:55:23] [Server thread/INFO]: xXhaxvoltzXx left the game
[16:55:26] [User Authenticator #3/INFO]: UUID of player xXhaxvoltzXx is d029d6bc-9321-416b-b7d6-2efae7a7f975
[16:55:27] [Server thread/INFO]: xXhaxvoltzXx[/216.241.158.190:58200] logged in with entity id 1304 at (771.0163613285296, 79.0, -347.36349784448555)
[16:55:27] [Server thread/INFO]: xXhaxvoltzXx joined the game
[16:56:08] [Server thread/INFO]: [Thunderweld: Set own game mode to Survival Mode]
[16:57:08] [Server thread/INFO]: [Thunderweld: Set own game mode to Creative Mode]
[16:57:17] [Server thread/INFO]: Thunderweld has made the advancement [Hot Stuff]
[17:00:02] [Server thread/INFO]: Thunderweld lost connection: Disconnected
[17:00:02] [Server thread/INFO]: Thunderweld left the game
[17:01:24] [Server thread/INFO]: xXhaxvoltzXx lost connection: Disconnected
[17:01:24] [Server thread/INFO]: xXhaxvoltzXx left the game
[17:28:32] [Server thread/INFO]: Stopping the server
[17:28:33] [Server thread/INFO]: Stopping server
[17:28:33] [Server thread/INFO]: Saving players
[17:28:33] [Server thread/INFO]: Saving worlds
[17:28:33] [Server thread/INFO]: Saving chunks for level 'ServerLevel[world]'/minecraft:overworld
[17:28:33] [Server thread/INFO]: Saving chunks for level 'ServerLevel[world]'/minecraft:the_nether
[17:28:33] [Server thread/INFO]: Saving chunks for level 'ServerLevel[world]'/minecraft:the_end
[17:28:33] [Server thread/INFO]: ThreadedAnvilChunkStorage (world): All chunks are saved
[17:28:33] [Server thread/INFO]: ThreadedAnvilChunkStorage (DIM-1): All chunks are saved
[17:28:33] [Server thread/INFO]: ThreadedAnvilChunkStorage (DIM1): All chunks are saved
[17:28:33] [Server thread/INFO]: ThreadedAnvilChunkStorage: All dimensions are saved
